[2026-06-25 10:04:13Z INFO HostContext] No proxy settings were found based on environmental variables (http_proxy/https_proxy/HTTP_PROXY/HTTPS_PROXY)
[2026-06-25 10:04:13Z INFO HostContext] Well known directory 'Bin': 'C:\Users\emman\OneDrive\Desktop\DATA_SCIENCE_ITC\JUNE\DS_WK_3\dstrmaysam_family\family-finance-chat-app\actions-runner\bin'
[2026-06-25 10:04:13Z INFO HostContext] Well known directory 'Root': 'C:\Users\emman\OneDrive\Desktop\DATA_SCIENCE_ITC\JUNE\DS_WK_3\dstrmaysam_family\family-finance-chat-app\actions-runner'
[2026-06-25 10:04:13Z INFO HostContext] Well known config file 'Credentials': 'C:\Users\emman\OneDrive\Desktop\DATA_SCIENCE_ITC\JUNE\DS_WK_3\dstrmaysam_family\family-finance-chat-app\actions-runner\.credentials'
[2026-06-25 10:04:13Z INFO HostContext] Well known directory 'Bin': 'C:\Users\emman\OneDrive\Desktop\DATA_SCIENCE_ITC\JUNE\DS_WK_3\dstrmaysam_family\family-finance-chat-app\actions-runner\bin'
[2026-06-25 10:04:13Z INFO HostContext] Well known directory 'Root': 'C:\Users\emman\OneDrive\Desktop\DATA_SCIENCE_ITC\JUNE\DS_WK_3\dstrmaysam_family\family-finance-chat-app\actions-runner'
[2026-06-25 10:04:13Z INFO HostContext] Well known config file 'Runner': 'C:\Users\emman\OneDrive\Desktop\DATA_SCIENCE_ITC\JUNE\DS_WK_3\dstrmaysam_family\family-finance-chat-app\actions-runner\.runner'
[2026-06-25 10:04:13Z INFO Listener] Runner is built for Windows (X64) - win-x64.
[2026-06-25 10:04:13Z INFO Listener] RuntimeInformation: Microsoft Windows 10.0.26200.
[2026-06-25 10:04:13Z INFO Listener] Version: 2.335.1
[2026-06-25 10:04:13Z INFO Listener] Commit: 7d737449ef346f6524f75688d0c9c95fa10ba10a
[2026-06-25 10:04:13Z INFO Listener] Culture: en-150
[2026-06-25 10:04:13Z INFO Listener] UI Culture: en-US
[2026-06-25 10:04:13Z INFO HostContext] Well known directory 'Bin': 'C:\Users\emman\OneDrive\Desktop\DATA_SCIENCE_ITC\JUNE\DS_WK_3\dstrmaysam_family\family-finance-chat-app\actions-runner\bin'
[2026-06-25 10:04:13Z INFO HostContext] Well known directory 'Root': 'C:\Users\emman\OneDrive\Desktop\DATA_SCIENCE_ITC\JUNE\DS_WK_3\dstrmaysam_family\family-finance-chat-app\actions-runner'
[2026-06-25 10:04:13Z INFO Listener] Validating directory permissions for: 'C:\Users\emman\OneDrive\Desktop\DATA_SCIENCE_ITC\JUNE\DS_WK_3\dstrmaysam_family\family-finance-chat-app\actions-runner'
[2026-06-25 10:04:13Z INFO CommandLineParser] Parse
[2026-06-25 10:04:13Z INFO CommandLineParser] Parsing 5 args
[2026-06-25 10:04:13Z INFO CommandLineParser] parsing argument
[2026-06-25 10:04:13Z INFO CommandLineParser] HasArgs: False
[2026-06-25 10:04:13Z INFO CommandLineParser] Adding Command: configure
[2026-06-25 10:04:13Z INFO CommandLineParser] parsing argument
[2026-06-25 10:04:13Z INFO CommandLineParser] HasArgs: True
[2026-06-25 10:04:13Z INFO CommandLineParser] arg: url
[2026-06-25 10:04:13Z INFO CommandLineParser] parsing argument
[2026-06-25 10:04:13Z INFO CommandLineParser] HasArgs: True
[2026-06-25 10:04:13Z INFO CommandLineParser] Adding option 'url': 'https://github.com/emmanuelakinadubi-source/dstrmaysam_family_finance_chat'
[2026-06-25 10:04:13Z INFO CommandLineParser] parsing argument
[2026-06-25 10:04:13Z INFO CommandLineParser] HasArgs: True
[2026-06-25 10:04:13Z INFO CommandLineParser] arg: token
[2026-06-25 10:04:13Z INFO CommandLineParser] parsing argument
[2026-06-25 10:04:13Z INFO CommandLineParser] HasArgs: True
[2026-06-25 10:04:13Z INFO CommandLineParser] Adding option 'token': '***'
[2026-06-25 10:04:13Z INFO Listener] Arguments parsed
[2026-06-25 10:04:13Z INFO Runner] ExecuteCommand
[2026-06-25 10:04:13Z INFO ConfigurationStore] currentAssemblyLocation: C:\Users\emman\OneDrive\Desktop\DATA_SCIENCE_ITC\JUNE\DS_WK_3\dstrmaysam_family\family-finance-chat-app\actions-runner\bin\Runner.Listener.dll
[2026-06-25 10:04:13Z INFO HostContext] Well known directory 'Bin': 'C:\Users\emman\OneDrive\Desktop\DATA_SCIENCE_ITC\JUNE\DS_WK_3\dstrmaysam_family\family-finance-chat-app\actions-runner\bin'
[2026-06-25 10:04:13Z INFO ConfigurationStore] binPath: C:\Users\emman\OneDrive\Desktop\DATA_SCIENCE_ITC\JUNE\DS_WK_3\dstrmaysam_family\family-finance-chat-app\actions-runner\bin
[2026-06-25 10:04:13Z INFO HostContext] Well known directory 'Bin': 'C:\Users\emman\OneDrive\Desktop\DATA_SCIENCE_ITC\JUNE\DS_WK_3\dstrmaysam_family\family-finance-chat-app\actions-runner\bin'
[2026-06-25 10:04:13Z INFO HostContext] Well known directory 'Root': 'C:\Users\emman\OneDrive\Desktop\DATA_SCIENCE_ITC\JUNE\DS_WK_3\dstrmaysam_family\family-finance-chat-app\actions-runner'
[2026-06-25 10:04:13Z INFO ConfigurationStore] RootFolder: C:\Users\emman\OneDrive\Desktop\DATA_SCIENCE_ITC\JUNE\DS_WK_3\dstrmaysam_family\family-finance-chat-app\actions-runner
[2026-06-25 10:04:13Z INFO HostContext] Well known directory 'Bin': 'C:\Users\emman\OneDrive\Desktop\DATA_SCIENCE_ITC\JUNE\DS_WK_3\dstrmaysam_family\family-finance-chat-app\actions-runner\bin'
[2026-06-25 10:04:13Z INFO HostContext] Well known directory 'Root': 'C:\Users\emman\OneDrive\Desktop\DATA_SCIENCE_ITC\JUNE\DS_WK_3\dstrmaysam_family\family-finance-chat-app\actions-runner'
[2026-06-25 10:04:13Z INFO HostContext] Well known config file 'Runner': 'C:\Users\emman\OneDrive\Desktop\DATA_SCIENCE_ITC\JUNE\DS_WK_3\dstrmaysam_family\family-finance-chat-app\actions-runner\.runner'
[2026-06-25 10:04:13Z INFO ConfigurationStore] ConfigFilePath: C:\Users\emman\OneDrive\Desktop\DATA_SCIENCE_ITC\JUNE\DS_WK_3\dstrmaysam_family\family-finance-chat-app\actions-runner\.runner
[2026-06-25 10:04:13Z INFO HostContext] Well known directory 'Bin': 'C:\Users\emman\OneDrive\Desktop\DATA_SCIENCE_ITC\JUNE\DS_WK_3\dstrmaysam_family\family-finance-chat-app\actions-runner\bin'
[2026-06-25 10:04:13Z INFO HostContext] Well known directory 'Root': 'C:\Users\emman\OneDrive\Desktop\DATA_SCIENCE_ITC\JUNE\DS_WK_3\dstrmaysam_family\family-finance-chat-app\actions-runner'
[2026-06-25 10:04:13Z INFO HostContext] Well known config file 'MigratedRunner': 'C:\Users\emman\OneDrive\Desktop\DATA_SCIENCE_ITC\JUNE\DS_WK_3\dstrmaysam_family\family-finance-chat-app\actions-runner\.runner_migrated'
[2026-06-25 10:04:13Z INFO ConfigurationStore] MigratedConfigFilePath: C:\Users\emman\OneDrive\Desktop\DATA_SCIENCE_ITC\JUNE\DS_WK_3\dstrmaysam_family\family-finance-chat-app\actions-runner\.runner_migrated
[2026-06-25 10:04:13Z INFO HostContext] Well known directory 'Bin': 'C:\Users\emman\OneDrive\Desktop\DATA_SCIENCE_ITC\JUNE\DS_WK_3\dstrmaysam_family\family-finance-chat-app\actions-runner\bin'
[2026-06-25 10:04:13Z INFO HostContext] Well known directory 'Root': 'C:\Users\emman\OneDrive\Desktop\DATA_SCIENCE_ITC\JUNE\DS_WK_3\dstrmaysam_family\family-finance-chat-app\actions-runner'
[2026-06-25 10:04:13Z INFO HostContext] Well known config file 'Credentials': 'C:\Users\emman\OneDrive\Desktop\DATA_SCIENCE_ITC\JUNE\DS_WK_3\dstrmaysam_family\family-finance-chat-app\actions-runner\.credentials'
[2026-06-25 10:04:13Z INFO ConfigurationStore] CredFilePath: C:\Users\emman\OneDrive\Desktop\DATA_SCIENCE_ITC\JUNE\DS_WK_3\dstrmaysam_family\family-finance-chat-app\actions-runner\.credentials
[2026-06-25 10:04:13Z INFO HostContext] Well known directory 'Bin': 'C:\Users\emman\OneDrive\Desktop\DATA_SCIENCE_ITC\JUNE\DS_WK_3\dstrmaysam_family\family-finance-chat-app\actions-runner\bin'
[2026-06-25 10:04:13Z INFO HostContext] Well known directory 'Root': 'C:\Users\emman\OneDrive\Desktop\DATA_SCIENCE_ITC\JUNE\DS_WK_3\dstrmaysam_family\family-finance-chat-app\actions-runner'
[2026-06-25 10:04:13Z INFO HostContext] Well known config file 'MigratedCredentials': 'C:\Users\emman\OneDrive\Desktop\DATA_SCIENCE_ITC\JUNE\DS_WK_3\dstrmaysam_family\family-finance-chat-app\actions-runner\.credentials_migrated'
[2026-06-25 10:04:13Z INFO ConfigurationStore] MigratedCredFilePath: C:\Users\emman\OneDrive\Desktop\DATA_SCIENCE_ITC\JUNE\DS_WK_3\dstrmaysam_family\family-finance-chat-app\actions-runner\.credentials_migrated
[2026-06-25 10:04:13Z INFO HostContext] Well known directory 'Bin': 'C:\Users\emman\OneDrive\Desktop\DATA_SCIENCE_ITC\JUNE\DS_WK_3\dstrmaysam_family\family-finance-chat-app\actions-runner\bin'
[2026-06-25 10:04:13Z INFO HostContext] Well known directory 'Root': 'C:\Users\emman\OneDrive\Desktop\DATA_SCIENCE_ITC\JUNE\DS_WK_3\dstrmaysam_family\family-finance-chat-app\actions-runner'
[2026-06-25 10:04:13Z INFO HostContext] Well known config file 'Service': 'C:\Users\emman\OneDrive\Desktop\DATA_SCIENCE_ITC\JUNE\DS_WK_3\dstrmaysam_family\family-finance-chat-app\actions-runner\.service'
[2026-06-25 10:04:13Z INFO ConfigurationStore] ServiceConfigFilePath: C:\Users\emman\OneDrive\Desktop\DATA_SCIENCE_ITC\JUNE\DS_WK_3\dstrmaysam_family\family-finance-chat-app\actions-runner\.service
[2026-06-25 10:04:13Z INFO CommandSettings] Flag 'help': 'False'
[2026-06-25 10:04:13Z INFO CommandSettings] Flag 'version': 'False'
[2026-06-25 10:04:13Z INFO CommandSettings] Flag 'commit': 'False'
[2026-06-25 10:04:13Z INFO CommandSettings] Flag 'check': 'False'
[2026-06-25 10:04:13Z INFO CommandSettings] Command 'configure': 'True'
[2026-06-25 10:04:13Z INFO Terminal] WRITE LINE: 
[2026-06-25 10:04:13Z INFO Terminal] WRITE LINE: --------------------------------------------------------------------------------
[2026-06-25 10:04:13Z INFO Terminal] WRITE LINE: |        ____ _ _   _   _       _          _        _   _                      |
[2026-06-25 10:04:13Z INFO Terminal] WRITE LINE: |       / ___(_) |_| | | |_   _| |__      / \   ___| |_(_) ___  _ __  ___      |
[2026-06-25 10:04:13Z INFO Terminal] WRITE LINE: |      | |  _| | __| |_| | | | | '_ \    / _ \ / __| __| |/ _ \| '_ \/ __|     |
[2026-06-25 10:04:13Z INFO Terminal] WRITE LINE: |      | |_| | | |_|  _  | |_| | |_) |  / ___ \ (__| |_| | (_) | | | \__ \     |
[2026-06-25 10:04:13Z INFO Terminal] WRITE LINE: |       \____|_|\__|_| |_|\__,_|_.__/  /_/   \_\___|\__|_|\___/|_| |_|___/     |
[2026-06-25 10:04:13Z INFO Terminal] WRITE LINE: |                                                                              |
[2026-06-25 10:04:13Z INFO Terminal] WRITE: |                       
[2026-06-25 10:04:13Z INFO Terminal] WRITE: Self-hosted runner registration
[2026-06-25 10:04:13Z INFO Terminal] WRITE LINE:                         |
[2026-06-25 10:04:13Z INFO Terminal] WRITE LINE: |                                                                              |
[2026-06-25 10:04:13Z INFO Terminal] WRITE LINE: --------------------------------------------------------------------------------
[2026-06-25 10:04:13Z INFO ConfigurationManager] ConfigureAsync
[2026-06-25 10:04:13Z INFO CommandSettings] Flag 'generateServiceConfig': 'False'
[2026-06-25 10:04:13Z INFO ConfigurationStore] IsConfigured()
[2026-06-25 10:04:13Z INFO ConfigurationStore] IsConfigured: False
[2026-06-25 10:04:13Z INFO ConfigurationManager] Is configured: False
[2026-06-25 10:04:13Z INFO CommandSettings] Arg 'url': 'https://github.com/emmanuelakinadubi-source/dstrmaysam_family_finance_chat'
[2026-06-25 10:04:13Z INFO CommandSettings] Remove url from Arg dictionary.
[2026-06-25 10:04:13Z INFO CommandSettings] Arg 'token': '***'
[2026-06-25 10:04:13Z INFO CommandSettings] Remove token from Arg dictionary.
[2026-06-25 10:04:14Z INFO ConfigurationManager] Http response code: OK from 'POST https://api.github.com/actions/runner-registration' (D6C3:236916:754EE9:87DDEA:6A3CFD1C)
[2026-06-25 10:04:14Z INFO ConfigurationManager] Using runner-admin flow: False
[2026-06-25 10:04:14Z INFO ConfigurationManager] cred retrieved via GitHub auth
[2026-06-25 10:04:14Z INFO RunnerServer] EstablishVssConnection
[2026-06-25 10:04:14Z INFO RunnerServer] Establish connection with 100 seconds timeout.
[2026-06-25 10:04:14Z INFO GitHubActionsService] Starting operation Location.GetConnectionData
[2026-06-25 10:04:14Z INFO RunnerServer] EstablishVssConnection
[2026-06-25 10:04:14Z INFO RunnerServer] Establish connection with 60 seconds timeout.
[2026-06-25 10:04:14Z INFO GitHubActionsService] Starting operation Location.GetConnectionData
[2026-06-25 10:04:14Z INFO RunnerServer] EstablishVssConnection
[2026-06-25 10:04:14Z INFO RunnerServer] Establish connection with 60 seconds timeout.
[2026-06-25 10:04:14Z INFO GitHubActionsService] Starting operation Location.GetConnectionData
[2026-06-25 10:04:15Z INFO GitHubActionsService] Finished operation Location.GetConnectionData
[2026-06-25 10:04:15Z INFO GitHubActionsService] Finished operation Location.GetConnectionData
[2026-06-25 10:04:15Z INFO GitHubActionsService] Finished operation Location.GetConnectionData
[2026-06-25 10:04:15Z INFO Terminal] WRITE LINE: 
[2026-06-25 10:04:15Z INFO ConfigurationManager] Test Connection complete.
[2026-06-25 10:04:15Z INFO HostContext] Well known directory 'Bin': 'C:\Users\emman\OneDrive\Desktop\DATA_SCIENCE_ITC\JUNE\DS_WK_3\dstrmaysam_family\family-finance-chat-app\actions-runner\bin'
[2026-06-25 10:04:15Z INFO HostContext] Well known directory 'Root': 'C:\Users\emman\OneDrive\Desktop\DATA_SCIENCE_ITC\JUNE\DS_WK_3\dstrmaysam_family\family-finance-chat-app\actions-runner'
[2026-06-25 10:04:15Z INFO HostContext] Well known config file 'RSACredentials': 'C:\Users\emman\OneDrive\Desktop\DATA_SCIENCE_ITC\JUNE\DS_WK_3\dstrmaysam_family\family-finance-chat-app\actions-runner\.credentials_rsaparams'
[2026-06-25 10:04:15Z INFO RSAEncryptedFileKeyManager] Found existing RSA key parameters file C:\Users\emman\OneDrive\Desktop\DATA_SCIENCE_ITC\JUNE\DS_WK_3\dstrmaysam_family\family-finance-chat-app\actions-runner\.credentials_rsaparams
[2026-06-25 10:04:15Z INFO CommandSettings] Arg 'runnergroup': ''
[2026-06-25 10:04:15Z INFO CommandSettings] Flag 'unattended': 'False'
[2026-06-25 10:04:15Z INFO PromptManager] ReadValue
[2026-06-25 10:04:15Z INFO Terminal] WRITE: Enter the name of the runner group to add this runner to: 
[2026-06-25 10:04:15Z INFO Terminal] WRITE: [press Enter for Default] 
[2026-06-25 10:04:15Z INFO Terminal] READ LINE
[2026-06-25 10:04:19Z INFO Terminal] Read value: ''
[2026-06-25 10:04:19Z INFO PromptManager] Falling back to the default: 'Default'
[2026-06-25 10:04:19Z INFO Terminal] WRITE LINE: 
[2026-06-25 10:04:19Z INFO ConfigurationManager] Found a self-hosted runner group with id 1 and name Default
[2026-06-25 10:04:19Z INFO CommandSettings] Flag 'disableupdate': 'False'
[2026-06-25 10:04:19Z INFO CommandSettings] Flag 'ephemeral': 'False'
[2026-06-25 10:04:19Z INFO CommandSettings] Arg 'name': ''
[2026-06-25 10:04:19Z INFO CommandSettings] Flag 'unattended': 'False'
[2026-06-25 10:04:19Z INFO PromptManager] ReadValue
[2026-06-25 10:04:19Z INFO Terminal] WRITE: Enter the name of runner: 
[2026-06-25 10:04:19Z INFO Terminal] WRITE: [press Enter for EMMANUEL-ITC] 
[2026-06-25 10:04:19Z INFO Terminal] READ LINE
[2026-06-25 10:04:20Z INFO Terminal] Read value: ''
[2026-06-25 10:04:20Z INFO PromptManager] Falling back to the default: 'EMMANUEL-ITC'
[2026-06-25 10:04:20Z INFO Terminal] WRITE LINE: 
[2026-06-25 10:04:20Z INFO CommandSettings] Arg 'labels': ''
[2026-06-25 10:04:20Z INFO CommandSettings] Flag 'unattended': 'False'
[2026-06-25 10:04:20Z INFO PromptManager] ReadValue
[2026-06-25 10:04:20Z INFO Terminal] WRITE: This runner will have the following labels: 'self-hosted', 'Windows', 'X64' 
Enter any additional labels (ex. label-1,label-2): 
[2026-06-25 10:04:20Z INFO Terminal] WRITE: [press Enter to skip] 
[2026-06-25 10:04:20Z INFO Terminal] READ LINE
[2026-06-25 10:04:21Z INFO Terminal] Read value: ''
[2026-06-25 10:04:21Z INFO Terminal] WRITE LINE: 
[2026-06-25 10:04:21Z INFO Terminal] WRITE LINE: A runner exists with the same name
[2026-06-25 10:04:21Z INFO CommandSettings] Flag 'replace': 'False'
[2026-06-25 10:04:21Z INFO CommandSettings] Flag 'unattended': 'False'
[2026-06-25 10:04:21Z INFO PromptManager] ReadValue
[2026-06-25 10:04:21Z INFO Terminal] WRITE: Would you like to replace the existing runner? (Y/N) 
[2026-06-25 10:04:21Z INFO Terminal] WRITE: [press Enter for N] 
[2026-06-25 10:04:21Z INFO Terminal] READ LINE
[2026-06-25 10:04:23Z INFO Terminal] Read value: ''
[2026-06-25 10:04:23Z INFO PromptManager] Falling back to the default: 'N'
[2026-06-25 10:04:23Z INFO CommandSettings] Flag 'unattended': 'False'
[2026-06-25 10:04:23Z INFO CommandSettings] Flag 'disableupdate': 'False'
[2026-06-25 10:04:23Z INFO CommandSettings] Flag 'ephemeral': 'False'
[2026-06-25 10:04:23Z INFO CommandSettings] Arg 'name': ''
[2026-06-25 10:04:23Z INFO CommandSettings] Flag 'unattended': 'False'
[2026-06-25 10:04:23Z INFO PromptManager] ReadValue
[2026-06-25 10:04:23Z INFO Terminal] WRITE: Enter the name of runner: 
[2026-06-25 10:04:23Z INFO Terminal] WRITE: [press Enter for EMMANUEL-ITC] 
[2026-06-25 10:04:23Z INFO Terminal] READ LINE
[2026-06-25 10:04:24Z INFO Terminal] Read value: ''
[2026-06-25 10:04:24Z INFO PromptManager] Falling back to the default: 'EMMANUEL-ITC'
[2026-06-25 10:04:24Z INFO Terminal] WRITE LINE: 
[2026-06-25 10:04:24Z INFO CommandSettings] Arg 'labels': ''
[2026-06-25 10:04:24Z INFO CommandSettings] Flag 'unattended': 'False'
[2026-06-25 10:04:24Z INFO PromptManager] ReadValue
[2026-06-25 10:04:24Z INFO Terminal] WRITE: This runner will have the following labels: 'self-hosted', 'Windows', 'X64' 
Enter any additional labels (ex. label-1,label-2): 
[2026-06-25 10:04:24Z INFO Terminal] WRITE: [press Enter to skip] 
[2026-06-25 10:04:24Z INFO Terminal] READ LINE
[2026-06-25 10:04:25Z INFO Terminal] Read value: ''
[2026-06-25 10:04:25Z INFO Terminal] WRITE LINE: 
[2026-06-25 10:04:25Z INFO Terminal] WRITE LINE: A runner exists with the same name
[2026-06-25 10:04:25Z INFO CommandSettings] Flag 'replace': 'False'
[2026-06-25 10:04:25Z INFO CommandSettings] Flag 'unattended': 'False'
[2026-06-25 10:04:25Z INFO PromptManager] ReadValue
[2026-06-25 10:04:25Z INFO Terminal] WRITE: Would you like to replace the existing runner? (Y/N) 
[2026-06-25 10:04:25Z INFO Terminal] WRITE: [press Enter for N] 
[2026-06-25 10:04:25Z INFO Terminal] READ LINE
[2026-06-25 10:04:28Z INFO Terminal] Read value: 'y'
[2026-06-25 10:04:28Z INFO CommandSettings] Flag 'disableupdate': 'False'
[2026-06-25 10:04:28Z INFO CommandSettings] Flag 'no-default-labels': 'False'
[2026-06-25 10:04:28Z INFO CommandSettings] Flag 'disableupdate': 'False'
[2026-06-25 10:04:28Z INFO CommandSettings] Flag 'ephemeral': 'False'
[2026-06-25 10:04:28Z INFO ConfigurationStore] Saving OAuth credential @ C:\Users\emman\OneDrive\Desktop\DATA_SCIENCE_ITC\JUNE\DS_WK_3\dstrmaysam_family\family-finance-chat-app\actions-runner\.credentials
[2026-06-25 10:04:28Z INFO ConfigurationStore] Credentials Saved.
[2026-06-25 10:04:28Z INFO ConfigurationManager] Service enforced serverUrlV2: https://broker.actions.githubusercontent.com/
[2026-06-25 10:04:28Z INFO ConfigurationManager] Service enforced useV2Flow: True
[2026-06-25 10:04:28Z INFO CommandSettings] Arg 'work': ''
[2026-06-25 10:04:28Z INFO CommandSettings] Flag 'unattended': 'False'
[2026-06-25 10:04:28Z INFO PromptManager] ReadValue
[2026-06-25 10:04:28Z INFO Terminal] WRITE: Enter name of work folder: 
[2026-06-25 10:04:28Z INFO Terminal] WRITE: [press Enter for _work] 
[2026-06-25 10:04:28Z INFO Terminal] READ LINE
[2026-06-25 10:04:29Z INFO Terminal] Read value: ''
[2026-06-25 10:04:29Z INFO PromptManager] Falling back to the default: '_work'
[2026-06-25 10:04:29Z INFO ConfigurationStore] Saving runner settings.
[2026-06-25 10:04:29Z INFO ConfigurationStore] Settings Saved.
[2026-06-25 10:04:29Z INFO Terminal] WRITE LINE: 
[2026-06-25 10:04:29Z INFO Terminal] WRITE LINE: 
[2026-06-25 10:04:29Z INFO CommandSettings] Flag 'runasservice': 'False'
[2026-06-25 10:04:29Z INFO CommandSettings] Flag 'unattended': 'False'
[2026-06-25 10:04:29Z INFO PromptManager] ReadValue
[2026-06-25 10:04:29Z INFO Terminal] WRITE: Would you like to run the runner as service? (Y/N) 
[2026-06-25 10:04:29Z INFO Terminal] WRITE: [press Enter for N] 
[2026-06-25 10:04:29Z INFO Terminal] READ LINE
[2026-06-25 10:04:30Z INFO Terminal] Read value: ''
[2026-06-25 10:04:30Z INFO PromptManager] Falling back to the default: 'N'
[2026-06-25 10:04:30Z INFO Listener] Runner execution has finished with return code 0
