[2026-06-25 10:04:48Z INFO HostContext] No proxy settings were found based on environmental variables (http_proxy/https_proxy/HTTP_PROXY/HTTPS_PROXY)
[2026-06-25 10:04:48Z INFO HostContext] Well known directory 'Bin': 'C:\Users\emman\OneDrive\Desktop\DATA_SCIENCE_ITC\JUNE\DS_WK_3\dstrmaysam_family\family-finance-chat-app\actions-runner\bin'
[2026-06-25 10:04:48Z INFO HostContext] Well known directory 'Root': 'C:\Users\emman\OneDrive\Desktop\DATA_SCIENCE_ITC\JUNE\DS_WK_3\dstrmaysam_family\family-finance-chat-app\actions-runner'
[2026-06-25 10:04:48Z INFO HostContext] Well known config file 'Credentials': 'C:\Users\emman\OneDrive\Desktop\DATA_SCIENCE_ITC\JUNE\DS_WK_3\dstrmaysam_family\family-finance-chat-app\actions-runner\.credentials'
[2026-06-25 10:04:48Z INFO HostContext] Well known directory 'Bin': 'C:\Users\emman\OneDrive\Desktop\DATA_SCIENCE_ITC\JUNE\DS_WK_3\dstrmaysam_family\family-finance-chat-app\actions-runner\bin'
[2026-06-25 10:04:48Z INFO HostContext] Well known directory 'Root': 'C:\Users\emman\OneDrive\Desktop\DATA_SCIENCE_ITC\JUNE\DS_WK_3\dstrmaysam_family\family-finance-chat-app\actions-runner'
[2026-06-25 10:04:48Z INFO HostContext] Well known config file 'Runner': 'C:\Users\emman\OneDrive\Desktop\DATA_SCIENCE_ITC\JUNE\DS_WK_3\dstrmaysam_family\family-finance-chat-app\actions-runner\.runner'
[2026-06-25 10:04:48Z INFO Listener] Runner is built for Windows (X64) - win-x64.
[2026-06-25 10:04:48Z INFO Listener] RuntimeInformation: Microsoft Windows 10.0.26200.
[2026-06-25 10:04:48Z INFO Listener] Version: 2.335.1
[2026-06-25 10:04:48Z INFO Listener] Commit: 7d737449ef346f6524f75688d0c9c95fa10ba10a
[2026-06-25 10:04:48Z INFO Listener] Culture: en-150
[2026-06-25 10:04:48Z INFO Listener] UI Culture: en-US
[2026-06-25 10:04:48Z INFO HostContext] Well known directory 'Bin': 'C:\Users\emman\OneDrive\Desktop\DATA_SCIENCE_ITC\JUNE\DS_WK_3\dstrmaysam_family\family-finance-chat-app\actions-runner\bin'
[2026-06-25 10:04:48Z INFO HostContext] Well known directory 'Root': 'C:\Users\emman\OneDrive\Desktop\DATA_SCIENCE_ITC\JUNE\DS_WK_3\dstrmaysam_family\family-finance-chat-app\actions-runner'
[2026-06-25 10:04:48Z INFO Listener] Validating directory permissions for: 'C:\Users\emman\OneDrive\Desktop\DATA_SCIENCE_ITC\JUNE\DS_WK_3\dstrmaysam_family\family-finance-chat-app\actions-runner'
[2026-06-25 10:04:48Z INFO CommandLineParser] Parse
[2026-06-25 10:04:48Z INFO CommandLineParser] Parsing 1 args
[2026-06-25 10:04:48Z INFO CommandLineParser] parsing argument
[2026-06-25 10:04:48Z INFO CommandLineParser] HasArgs: False
[2026-06-25 10:04:48Z INFO CommandLineParser] Adding Command: run
[2026-06-25 10:04:48Z INFO Listener] Arguments parsed
[2026-06-25 10:04:48Z INFO Runner] ExecuteCommand
[2026-06-25 10:04:48Z INFO ConfigurationStore] currentAssemblyLocation: C:\Users\emman\OneDrive\Desktop\DATA_SCIENCE_ITC\JUNE\DS_WK_3\dstrmaysam_family\family-finance-chat-app\actions-runner\bin\Runner.Listener.dll
[2026-06-25 10:04:48Z INFO HostContext] Well known directory 'Bin': 'C:\Users\emman\OneDrive\Desktop\DATA_SCIENCE_ITC\JUNE\DS_WK_3\dstrmaysam_family\family-finance-chat-app\actions-runner\bin'
[2026-06-25 10:04:48Z INFO ConfigurationStore] binPath: C:\Users\emman\OneDrive\Desktop\DATA_SCIENCE_ITC\JUNE\DS_WK_3\dstrmaysam_family\family-finance-chat-app\actions-runner\bin
[2026-06-25 10:04:48Z INFO HostContext] Well known directory 'Bin': 'C:\Users\emman\OneDrive\Desktop\DATA_SCIENCE_ITC\JUNE\DS_WK_3\dstrmaysam_family\family-finance-chat-app\actions-runner\bin'
[2026-06-25 10:04:48Z INFO HostContext] Well known directory 'Root': 'C:\Users\emman\OneDrive\Desktop\DATA_SCIENCE_ITC\JUNE\DS_WK_3\dstrmaysam_family\family-finance-chat-app\actions-runner'
[2026-06-25 10:04:48Z INFO ConfigurationStore] RootFolder: C:\Users\emman\OneDrive\Desktop\DATA_SCIENCE_ITC\JUNE\DS_WK_3\dstrmaysam_family\family-finance-chat-app\actions-runner
[2026-06-25 10:04:48Z INFO HostContext] Well known directory 'Bin': 'C:\Users\emman\OneDrive\Desktop\DATA_SCIENCE_ITC\JUNE\DS_WK_3\dstrmaysam_family\family-finance-chat-app\actions-runner\bin'
[2026-06-25 10:04:48Z INFO HostContext] Well known directory 'Root': 'C:\Users\emman\OneDrive\Desktop\DATA_SCIENCE_ITC\JUNE\DS_WK_3\dstrmaysam_family\family-finance-chat-app\actions-runner'
[2026-06-25 10:04:48Z INFO HostContext] Well known config file 'Runner': 'C:\Users\emman\OneDrive\Desktop\DATA_SCIENCE_ITC\JUNE\DS_WK_3\dstrmaysam_family\family-finance-chat-app\actions-runner\.runner'
[2026-06-25 10:04:48Z INFO ConfigurationStore] ConfigFilePath: C:\Users\emman\OneDrive\Desktop\DATA_SCIENCE_ITC\JUNE\DS_WK_3\dstrmaysam_family\family-finance-chat-app\actions-runner\.runner
[2026-06-25 10:04:48Z INFO HostContext] Well known directory 'Bin': 'C:\Users\emman\OneDrive\Desktop\DATA_SCIENCE_ITC\JUNE\DS_WK_3\dstrmaysam_family\family-finance-chat-app\actions-runner\bin'
[2026-06-25 10:04:48Z INFO HostContext] Well known directory 'Root': 'C:\Users\emman\OneDrive\Desktop\DATA_SCIENCE_ITC\JUNE\DS_WK_3\dstrmaysam_family\family-finance-chat-app\actions-runner'
[2026-06-25 10:04:48Z INFO HostContext] Well known config file 'MigratedRunner': 'C:\Users\emman\OneDrive\Desktop\DATA_SCIENCE_ITC\JUNE\DS_WK_3\dstrmaysam_family\family-finance-chat-app\actions-runner\.runner_migrated'
[2026-06-25 10:04:48Z INFO ConfigurationStore] MigratedConfigFilePath: C:\Users\emman\OneDrive\Desktop\DATA_SCIENCE_ITC\JUNE\DS_WK_3\dstrmaysam_family\family-finance-chat-app\actions-runner\.runner_migrated
[2026-06-25 10:04:48Z INFO HostContext] Well known directory 'Bin': 'C:\Users\emman\OneDrive\Desktop\DATA_SCIENCE_ITC\JUNE\DS_WK_3\dstrmaysam_family\family-finance-chat-app\actions-runner\bin'
[2026-06-25 10:04:48Z INFO HostContext] Well known directory 'Root': 'C:\Users\emman\OneDrive\Desktop\DATA_SCIENCE_ITC\JUNE\DS_WK_3\dstrmaysam_family\family-finance-chat-app\actions-runner'
[2026-06-25 10:04:48Z INFO HostContext] Well known config file 'Credentials': 'C:\Users\emman\OneDrive\Desktop\DATA_SCIENCE_ITC\JUNE\DS_WK_3\dstrmaysam_family\family-finance-chat-app\actions-runner\.credentials'
[2026-06-25 10:04:48Z INFO ConfigurationStore] CredFilePath: C:\Users\emman\OneDrive\Desktop\DATA_SCIENCE_ITC\JUNE\DS_WK_3\dstrmaysam_family\family-finance-chat-app\actions-runner\.credentials
[2026-06-25 10:04:48Z INFO HostContext] Well known directory 'Bin': 'C:\Users\emman\OneDrive\Desktop\DATA_SCIENCE_ITC\JUNE\DS_WK_3\dstrmaysam_family\family-finance-chat-app\actions-runner\bin'
[2026-06-25 10:04:48Z INFO HostContext] Well known directory 'Root': 'C:\Users\emman\OneDrive\Desktop\DATA_SCIENCE_ITC\JUNE\DS_WK_3\dstrmaysam_family\family-finance-chat-app\actions-runner'
[2026-06-25 10:04:48Z INFO HostContext] Well known config file 'MigratedCredentials': 'C:\Users\emman\OneDrive\Desktop\DATA_SCIENCE_ITC\JUNE\DS_WK_3\dstrmaysam_family\family-finance-chat-app\actions-runner\.credentials_migrated'
[2026-06-25 10:04:48Z INFO ConfigurationStore] MigratedCredFilePath: C:\Users\emman\OneDrive\Desktop\DATA_SCIENCE_ITC\JUNE\DS_WK_3\dstrmaysam_family\family-finance-chat-app\actions-runner\.credentials_migrated
[2026-06-25 10:04:48Z INFO HostContext] Well known directory 'Bin': 'C:\Users\emman\OneDrive\Desktop\DATA_SCIENCE_ITC\JUNE\DS_WK_3\dstrmaysam_family\family-finance-chat-app\actions-runner\bin'
[2026-06-25 10:04:48Z INFO HostContext] Well known directory 'Root': 'C:\Users\emman\OneDrive\Desktop\DATA_SCIENCE_ITC\JUNE\DS_WK_3\dstrmaysam_family\family-finance-chat-app\actions-runner'
[2026-06-25 10:04:48Z INFO HostContext] Well known config file 'Service': 'C:\Users\emman\OneDrive\Desktop\DATA_SCIENCE_ITC\JUNE\DS_WK_3\dstrmaysam_family\family-finance-chat-app\actions-runner\.service'
[2026-06-25 10:04:48Z INFO ConfigurationStore] ServiceConfigFilePath: C:\Users\emman\OneDrive\Desktop\DATA_SCIENCE_ITC\JUNE\DS_WK_3\dstrmaysam_family\family-finance-chat-app\actions-runner\.service
[2026-06-25 10:04:48Z INFO CommandSettings] Flag 'help': 'False'
[2026-06-25 10:04:48Z INFO CommandSettings] Flag 'version': 'False'
[2026-06-25 10:04:48Z INFO CommandSettings] Flag 'commit': 'False'
[2026-06-25 10:04:48Z INFO CommandSettings] Flag 'check': 'False'
[2026-06-25 10:04:48Z INFO CommandSettings] Command 'configure': 'False'
[2026-06-25 10:04:48Z INFO CommandSettings] Command 'remove': 'False'
[2026-06-25 10:04:48Z INFO CommandSettings] Command 'warmup': 'False'
[2026-06-25 10:04:48Z INFO ConfigurationManager] LoadSettings
[2026-06-25 10:04:48Z INFO ConfigurationStore] IsConfigured()
[2026-06-25 10:04:48Z INFO ConfigurationStore] IsConfigured: True
[2026-06-25 10:04:48Z INFO ConfigurationManager] Is configured: True
[2026-06-25 10:04:48Z INFO ConfigurationStore] Read setting file: 432 chars
[2026-06-25 10:04:48Z INFO ConfigurationManager] Settings Loaded
[2026-06-25 10:04:48Z INFO ConfigurationStore] IsServiceConfigured()
[2026-06-25 10:04:48Z INFO ConfigurationStore] IsServiceConfigured: False
[2026-06-25 10:04:48Z INFO CommandSettings] Command 'run': 'True'
[2026-06-25 10:04:48Z INFO ConfigurationStore] IsConfigured()
[2026-06-25 10:04:48Z INFO ConfigurationStore] IsConfigured: True
[2026-06-25 10:04:48Z INFO ConfigurationManager] Is configured: True
[2026-06-25 10:04:48Z INFO Runner] Could not parse the argument value '' for StartupType. Defaulting to Manual
[2026-06-25 10:04:48Z INFO Runner] Set runner startup type - Manual
[2026-06-25 10:04:48Z INFO CommandSettings] Flag 'once': 'False'
[2026-06-25 10:04:48Z INFO CommandSettings] Flag 'once': 'False'
[2026-06-25 10:04:48Z INFO Runner] RunAsync
[2026-06-25 10:04:48Z INFO HostContext] Well known directory 'Bin': 'C:\Users\emman\OneDrive\Desktop\DATA_SCIENCE_ITC\JUNE\DS_WK_3\dstrmaysam_family\family-finance-chat-app\actions-runner\bin'
[2026-06-25 10:04:48Z INFO HostContext] Well known directory 'Root': 'C:\Users\emman\OneDrive\Desktop\DATA_SCIENCE_ITC\JUNE\DS_WK_3\dstrmaysam_family\family-finance-chat-app\actions-runner'
[2026-06-25 10:04:48Z INFO HostContext] Well known directory 'Work': 'C:\Users\emman\OneDrive\Desktop\DATA_SCIENCE_ITC\JUNE\DS_WK_3\dstrmaysam_family\family-finance-chat-app\actions-runner\_work'
[2026-06-25 10:04:48Z INFO Runner] Validating directory permissions for: 'C:\Users\emman\OneDrive\Desktop\DATA_SCIENCE_ITC\JUNE\DS_WK_3\dstrmaysam_family\family-finance-chat-app\actions-runner\_work'
[2026-06-25 10:04:48Z INFO ConfigurationManager] LoadMigratedSettings
[2026-06-25 10:04:48Z INFO ConfigurationStore] IsMigratedConfigured()
[2026-06-25 10:04:48Z INFO ConfigurationStore] IsMigratedConfigured: False
[2026-06-25 10:04:48Z INFO Runner] Failed to load migrated settings: No migrated configuration found.
[2026-06-25 10:04:48Z INFO Runner] Falling back to original .runner settings
[2026-06-25 10:04:48Z INFO Runner] Using BrokerMessageListener
[2026-06-25 10:04:48Z INFO BrokerMessageListener] Using provided settings
[2026-06-25 10:04:48Z INFO BrokerMessageListener] {
  "AgentId": 21,
  "AgentName": "EMMANUEL-ITC",
  "PoolId": 1,
  "PoolName": "Default",
  "ServerUrl": "https://pipelinesghubeus22.actions.githubusercontent.com/nUldIb7bKhtscYz8hw3KeBOHJWDgpHfh2BhrGo2Uy9Bm0kqeJd/",
  "GitHubUrl": "https://github.com/emmanuelakinadubi-source/dstrmaysam_family_finance_chat",
  "WorkFolder": "_work",
  "UseV2Flow": true,
  "ServerUrlV2": "https://broker.actions.githubusercontent.com/"
}
[2026-06-25 10:04:48Z INFO BrokerMessageListener] Loading Credentials
[2026-06-25 10:04:48Z INFO ConfigurationStore] HasCredentials()
[2026-06-25 10:04:48Z INFO ConfigurationStore] stored True
[2026-06-25 10:04:48Z INFO CredentialManager] GetCredentialProvider
[2026-06-25 10:04:48Z INFO CredentialManager] Creating type OAuth
[2026-06-25 10:04:48Z INFO CredentialManager] Creating credential type: OAuth
[2026-06-25 10:04:48Z INFO HostContext] Well known directory 'Bin': 'C:\Users\emman\OneDrive\Desktop\DATA_SCIENCE_ITC\JUNE\DS_WK_3\dstrmaysam_family\family-finance-chat-app\actions-runner\bin'
[2026-06-25 10:04:48Z INFO HostContext] Well known directory 'Root': 'C:\Users\emman\OneDrive\Desktop\DATA_SCIENCE_ITC\JUNE\DS_WK_3\dstrmaysam_family\family-finance-chat-app\actions-runner'
[2026-06-25 10:04:48Z INFO HostContext] Well known config file 'RSACredentials': 'C:\Users\emman\OneDrive\Desktop\DATA_SCIENCE_ITC\JUNE\DS_WK_3\dstrmaysam_family\family-finance-chat-app\actions-runner\.credentials_rsaparams'
[2026-06-25 10:04:48Z INFO RSAEncryptedFileKeyManager] Loading RSA key parameters from file C:\Users\emman\OneDrive\Desktop\DATA_SCIENCE_ITC\JUNE\DS_WK_3\dstrmaysam_family\family-finance-chat-app\actions-runner\.credentials_rsaparams
[2026-06-25 10:04:48Z INFO BrokerMessageListener] Attempt to create session.
[2026-06-25 10:04:48Z INFO BrokerMessageListener] Connecting to the Broker Server...
[2026-06-25 10:04:48Z INFO ConfigurationStore] HasCredentials()
[2026-06-25 10:04:48Z INFO ConfigurationStore] stored True
[2026-06-25 10:04:48Z INFO CredentialManager] GetCredentialProvider
[2026-06-25 10:04:48Z INFO CredentialManager] Creating type OAuth
[2026-06-25 10:04:48Z INFO CredentialManager] Creating credential type: OAuth
[2026-06-25 10:04:48Z INFO RSAEncryptedFileKeyManager] Loading RSA key parameters from file C:\Users\emman\OneDrive\Desktop\DATA_SCIENCE_ITC\JUNE\DS_WK_3\dstrmaysam_family\family-finance-chat-app\actions-runner\.credentials_rsaparams
[2026-06-25 10:04:48Z INFO BrokerMessageListener] VssConnection created
[2026-06-25 10:04:48Z INFO BrokerMessageListener] Connecting to the Runner server...
[2026-06-25 10:04:48Z INFO RunnerServer] EstablishVssConnection
[2026-06-25 10:04:48Z INFO RunnerServer] Establish connection with 100 seconds timeout.
[2026-06-25 10:04:48Z INFO GitHubActionsService] Starting operation Location.GetConnectionData
[2026-06-25 10:04:48Z INFO RunnerServer] EstablishVssConnection
[2026-06-25 10:04:48Z INFO RunnerServer] Establish connection with 60 seconds timeout.
[2026-06-25 10:04:48Z INFO GitHubActionsService] Starting operation Location.GetConnectionData
[2026-06-25 10:04:48Z INFO RunnerServer] EstablishVssConnection
[2026-06-25 10:04:48Z INFO RunnerServer] Establish connection with 60 seconds timeout.
[2026-06-25 10:04:48Z INFO GitHubActionsService] Starting operation Location.GetConnectionData
[2026-06-25 10:04:49Z INFO GitHubActionsService] Finished operation Location.GetConnectionData
[2026-06-25 10:04:49Z INFO GitHubActionsService] Finished operation Location.GetConnectionData
[2026-06-25 10:04:49Z INFO GitHubActionsService] Finished operation Location.GetConnectionData
[2026-06-25 10:04:49Z INFO BrokerMessageListener] VssConnection created
[2026-06-25 10:04:49Z INFO Terminal] WRITE LINE: 
[2026-06-25 10:04:49Z INFO Terminal] WRITE LINE: 
[2026-06-25 10:04:49Z INFO RSAEncryptedFileKeyManager] Loading RSA key parameters from file C:\Users\emman\OneDrive\Desktop\DATA_SCIENCE_ITC\JUNE\DS_WK_3\dstrmaysam_family\family-finance-chat-app\actions-runner\.credentials_rsaparams
[2026-06-25 10:04:49Z INFO RSAEncryptedFileKeyManager] Loading RSA key parameters from file C:\Users\emman\OneDrive\Desktop\DATA_SCIENCE_ITC\JUNE\DS_WK_3\dstrmaysam_family\family-finance-chat-app\actions-runner\.credentials_rsaparams
[2026-06-25 10:04:49Z INFO GitHubActionsService] AAD Correlation ID for this token request: Unknown
[2026-06-25 10:04:50Z INFO BrokerMessageListener] Session created.
[2026-06-25 10:04:50Z INFO Terminal] WRITE LINE: Current runner version: '2.335.1'
[2026-06-25 10:04:50Z INFO Terminal] WRITE LINE: 2026-06-25 10:04:50Z: Listening for Jobs
[2026-06-25 10:04:50Z INFO JobDispatcher] Set runner/worker IPC timeout to 30 seconds.
[2026-06-25 10:55:07Z INFO RSAEncryptedFileKeyManager] Loading RSA key parameters from file C:\Users\emman\OneDrive\Desktop\DATA_SCIENCE_ITC\JUNE\DS_WK_3\dstrmaysam_family\family-finance-chat-app\actions-runner\.credentials_rsaparams
[2026-06-25 10:55:07Z INFO GitHubActionsService] AAD Correlation ID for this token request: Unknown
[2026-06-25 11:45:40Z INFO RSAEncryptedFileKeyManager] Loading RSA key parameters from file C:\Users\emman\OneDrive\Desktop\DATA_SCIENCE_ITC\JUNE\DS_WK_3\dstrmaysam_family\family-finance-chat-app\actions-runner\.credentials_rsaparams
[2026-06-25 11:45:41Z INFO GitHubActionsService] AAD Correlation ID for this token request: Unknown
[2026-06-25 12:35:52Z INFO RSAEncryptedFileKeyManager] Loading RSA key parameters from file C:\Users\emman\OneDrive\Desktop\DATA_SCIENCE_ITC\JUNE\DS_WK_3\dstrmaysam_family\family-finance-chat-app\actions-runner\.credentials_rsaparams
[2026-06-25 12:35:53Z INFO GitHubActionsService] AAD Correlation ID for this token request: Unknown
[2026-06-25 13:26:09Z INFO RSAEncryptedFileKeyManager] Loading RSA key parameters from file C:\Users\emman\OneDrive\Desktop\DATA_SCIENCE_ITC\JUNE\DS_WK_3\dstrmaysam_family\family-finance-chat-app\actions-runner\.credentials_rsaparams
[2026-06-25 13:26:10Z INFO GitHubActionsService] AAD Correlation ID for this token request: Unknown
[2026-06-25 13:26:10Z WARN GitHubActionsService] Retrieving an AAD auth token took a long time (2.8128165 seconds)
[2026-06-25 14:16:22Z INFO RSAEncryptedFileKeyManager] Loading RSA key parameters from file C:\Users\emman\OneDrive\Desktop\DATA_SCIENCE_ITC\JUNE\DS_WK_3\dstrmaysam_family\family-finance-chat-app\actions-runner\.credentials_rsaparams
[2026-06-25 14:16:23Z INFO GitHubActionsService] AAD Correlation ID for this token request: Unknown
[2026-06-25 14:16:23Z WARN GitHubActionsService] Retrieving an AAD auth token took a long time (2.3940528 seconds)
